# 2026-07-09T05:34:44Z ne2_contraction
# cmd: /opt/anaconda3/bin/python /Users/weihanyu/Documents/p-bit/国自然/新建文件夹/QIHC/experiments/nsfc_evidence/run_ne2_contraction.py --profile smoke --output-dir /Users/weihanyu/Documents/p-bit/国自然/新建文件夹/QIHC/experiments/outputs/nsfc_evidence/_smoke_suite/ne2_contraction

{
  "profile": "smoke",
  "n_tasks": 8,
  "rows": [
    {
      "beta": 0.5,
      "mean_beta_L": 6.0,
      "mean_rate": 1.0,
      "mean_n_fixed_points": 1.0,
      "fraction_unique_fp": 1.0
    },
    {
      "beta": 1.0,
      "mean_beta_L": 12.0,
      "mean_rate": 1.0,
      "mean_n_fixed_points": 1.0,
      "fraction_unique_fp": 1.0
    },
    {
      "beta": 2.0,
      "mean_beta_L": 24.0,
      "mean_rate": 1.0,
      "mean_n_fixed_points": 1.0,
      "fraction_unique_fp": 1.0
    }
  ]
}
